<?xml version="1.0" encoding="UTF-8"?>
<!-- Generated by org.testng.reporters.JUnitReportReporter -->
<testsuite hostname="DESKTOP-MM44GV1" failures="0" tests="3" name="TestNGFeatures.Demo" time="32.516" errors="0" timestamp="2023-07-12T15:15:33 IST" skipped="0">
  <testcase classname="TestNGFeatures.Demo" name="C" time="9.582"/>
  <testcase classname="TestNGFeatures.Demo" name="A" time="10.627"/>
  <testcase classname="TestNGFeatures.Demo" name="B" time="12.307"/>
</testsuite> <!-- TestNGFeatures.Demo -->
