<?xml version="1.0" encoding="UTF-8"?>
<!-- Generated by org.testng.reporters.JUnitReportReporter -->
<testsuite hostname="DESKTOP-MM44GV1" failures="0" tests="3" name="TestNGFeatures.Day2" time="0.026" errors="0" timestamp="2023-07-06T23:13:01 IST" skipped="0">
  <testcase classname="TestNGFeatures.Day2" name="Test5" time="0.003"/>
  <testcase classname="TestNGFeatures.Day2" name="Test3" time="0.003"/>
  <testcase classname="TestNGFeatures.Day2" name="Test1" time="0.020"/>
</testsuite> <!-- TestNGFeatures.Day2 -->
