<?xml version="1.0" encoding="UTF-8"?>
<!-- Generated by org.testng.reporters.JUnitReportReporter -->
<testsuite hostname="DESKTOP-MM44GV1" failures="0" tests="5" name="TestNGFeatures.Keyword3" time="0.575" errors="0" timestamp="2023-07-07T12:49:48 IST" skipped="2">
  <testcase classname="TestNGFeatures.Keyword3" name="Test3" time="0.000"/>
  <testcase classname="TestNGFeatures.Keyword3" name="B" time="0.575"/>
  <testcase classname="TestNGFeatures.Keyword3" name="Test2" time="0.000"/>
  <testcase classname="TestNGFeatures.Keyword3" name="Test1">
    <skipped/>
  </testcase> <!-- Test1 -->
  <testcase classname="TestNGFeatures.Keyword3" name="A">
    <skipped/>
  </testcase> <!-- A -->
</testsuite> <!-- TestNGFeatures.Keyword3 -->
