<?xml version="1.0" encoding="UTF-8"?>
<!-- Generated by org.testng.reporters.JUnitReportReporter -->
<testsuite hostname="DESKTOP-MM44GV1" failures="0" tests="3" name="Annotations.Annotation" time="0.040" errors="0" timestamp="2023-07-12T15:13:21 IST" skipped="0">
  <testcase classname="Annotations.Annotation" name="googleTitle1" time="0.009"/>
  <testcase classname="Annotations.Annotation" name="GoogleTitle3" time="0.021"/>
  <testcase classname="Annotations.Annotation" name="googleTitle2" time="0.010"/>
</testsuite> <!-- Annotations.Annotation -->
