<?xml version="1.0" encoding="UTF-8"?>
<!-- Generated by org.testng.reporters.JUnitReportReporter -->
<testsuite hostname="DESKTOP-MM44GV1" failures="0" tests="1" name="Parameterization.Sum2" time="0.003" errors="0" timestamp="2023-07-11T18:39:54 IST" skipped="0">
  <testcase classname="Parameterization.Sum2" name="add" time="0.003"/>
</testsuite> <!-- Parameterization.Sum2 -->
