<?xml version="1.0" encoding="UTF-8"?>
<!-- Generated by org.testng.reporters.JUnitReportReporter -->
<testsuite hostname="DESKTOP-MM44GV1" failures="0" tests="2" name="TestNGFeatures.Day1" time="0.018" errors="0" timestamp="2023-07-06T23:09:31 IST" skipped="0">
  <testcase classname="TestNGFeatures.Day1" name="Test1" time="0.014"/>
  <testcase classname="TestNGFeatures.Day1" name="Test5" time="0.004"/>
</testsuite> <!-- TestNGFeatures.Day1 -->
