<?xml version="1.0" encoding="UTF-8"?>
<!-- Generated by org.testng.reporters.JUnitReportReporter -->
<testsuite hostname="DESKTOP-MM44GV1" failures="0" tests="4" name="TestNGFeatures.Keyword2" time="43.496" errors="0" timestamp="2023-07-08T01:08:46 IST" skipped="0">
  <testcase classname="TestNGFeatures.Keyword2" name="D" time="10.083"/>
  <testcase classname="TestNGFeatures.Keyword2" name="C" time="10.014"/>
  <testcase classname="TestNGFeatures.Keyword2" name="B" time="10.189"/>
  <testcase classname="TestNGFeatures.Keyword2" name="A" time="13.210"/>
</testsuite> <!-- TestNGFeatures.Keyword2 -->
