<?xml version="1.0" encoding="UTF-8"?>
<!-- Generated by org.testng.reporters.JUnitReportReporter -->
<testsuite hostname="DESKTOP-MM44GV1" failures="0" tests="2" name="TestNGFeatures.day3" time="0.016" errors="0" timestamp="2023-07-06T23:15:36 IST" skipped="0">
  <testcase classname="TestNGFeatures.day3" name="Test1" time="0.013"/>
  <testcase classname="TestNGFeatures.day3" name="Test4" time="0.003"/>
</testsuite> <!-- TestNGFeatures.day3 -->
