<?xml version="1.0" encoding="UTF-8"?>
<!-- Generated by org.testng.reporters.JUnitReportReporter -->
<testsuite hostname="DESKTOP-MM44GV1" failures="0" tests="1" name="TestNGFeatures.expectedExceptions1" time="0.020" errors="0" timestamp="2023-07-07T16:35:16 IST" skipped="0">
  <testcase classname="TestNGFeatures.expectedExceptions1" name="LoginTest" time="0.020"/>
</testsuite> <!-- TestNGFeatures.expectedExceptions1 -->
