<?xml version="1.0" encoding="UTF-8"?>
<!-- Generated by org.testng.reporters.JUnitReportReporter -->
<testsuite hostname="DESKTOP-MM44GV1" failures="0" tests="4" name="TestNGFeatures.dependsOnMethods" time="0.036" errors="0" timestamp="2023-07-07T16:15:41 IST" skipped="0">
  <testcase classname="TestNGFeatures.dependsOnMethods" name="Searchpage" time="0.004"/>
  <testcase classname="TestNGFeatures.dependsOnMethods" name="LoginTest" time="0.018"/>
  <testcase classname="TestNGFeatures.dependsOnMethods" name="HomePage" time="0.004"/>
  <testcase classname="TestNGFeatures.dependsOnMethods" name="Refreshpage" time="0.010"/>
</testsuite> <!-- TestNGFeatures.dependsOnMethods -->
