<?xml version="1.0" encoding="UTF-8"?>
<!-- Generated by org.testng.reporters.JUnitReportReporter -->
<testsuite hostname="DESKTOP-MM44GV1" failures="0" tests="1" name="Parameterization.Parameter123" time="11.796" errors="0" timestamp="2023-07-12T18:06:10 IST" skipped="0">
  <testcase classname="Parameterization.Parameter123" name="LoginTest" time="11.796"/>
</testsuite> <!-- Parameterization.Parameter123 -->
