<?xml version="1.0" encoding="UTF-8"?>
<!-- Generated by org.testng.reporters.JUnitReportReporter -->
<testsuite hostname="DESKTOP-MM44GV1" failures="0" tests="1" name="Parameterization.Sum1" time="0.028" errors="0" timestamp="2023-07-11T18:39:54 IST" skipped="0">
  <testcase classname="Parameterization.Sum1" name="add" time="0.028"/>
</testsuite> <!-- Parameterization.Sum1 -->
