<?xml version="1.0" encoding="UTF-8"?>
<!-- Generated by org.testng.reporters.JUnitReportReporter -->
<testsuite hostname="DESKTOP-MM44GV1" failures="0" tests="2" name="TestNGFeatures.Keyword1" time="20.233" errors="0" timestamp="2023-07-12T15:16:43 IST" skipped="0">
  <testcase classname="TestNGFeatures.Keyword1" name="B" time="10.755"/>
  <testcase classname="TestNGFeatures.Keyword1" name="A" time="9.478"/>
</testsuite> <!-- TestNGFeatures.Keyword1 -->
