<?xml version="1.0" encoding="UTF-8"?>
<!-- Generated by org.testng.reporters.JUnitReportReporter -->
<testsuite hostname="DESKTOP-MM44GV1" failures="0" tests="5" name="TestNGFeatures.Enabled1" time="0.880" errors="0" timestamp="2023-07-07T16:34:25 IST" skipped="2">
  <testcase classname="TestNGFeatures.Enabled1" name="B" time="0.859"/>
  <testcase classname="TestNGFeatures.Enabled1" name="Test3" time="0.000"/>
  <testcase classname="TestNGFeatures.Enabled1" name="Test2" time="0.021"/>
  <testcase classname="TestNGFeatures.Enabled1" name="Test1">
    <skipped/>
  </testcase> <!-- Test1 -->
  <testcase classname="TestNGFeatures.Enabled1" name="A">
    <skipped/>
  </testcase> <!-- A -->
</testsuite> <!-- TestNGFeatures.Enabled1 -->
