<?xml version="1.0" encoding="UTF-8"?>
<!-- Generated by org.testng.reporters.JUnitReportReporter -->
<testsuite hostname="DESKTOP-MM44GV1" failures="0" tests="5" name="TestNGFeatures.EnabledXMLfile" time="0.659" errors="0" timestamp="2023-07-06T22:56:47 IST" skipped="0">
  <testcase classname="TestNGFeatures.EnabledXMLfile" name="Test1" time="0.000"/>
  <testcase classname="TestNGFeatures.EnabledXMLfile" name="A" time="0.549"/>
  <testcase classname="TestNGFeatures.EnabledXMLfile" name="B" time="0.094"/>
  <testcase classname="TestNGFeatures.EnabledXMLfile" name="Test3" time="0.016"/>
  <testcase classname="TestNGFeatures.EnabledXMLfile" name="Test2" time="0.000"/>
</testsuite> <!-- TestNGFeatures.EnabledXMLfile -->
